<?xml version="1.0" encoding="UTF-8"?>
<testng-results skipped="0" failed="0" ignored="0" total="1" passed="1">
  <reporter-output>
  </reporter-output>
  <suite name="Default suite" duration-ms="9882" started-at="2020-06-05T18:56:32 IST" finished-at="2020-06-05T18:56:42 IST">
    <groups>
    </groups>
    <test name="Default test" duration-ms="9882" started-at="2020-06-05T18:56:32 IST" finished-at="2020-06-05T18:56:42 IST">
      <class name="paypal.PostProductCreation">
        <test-method status="PASS" signature="CreateMultipleProducts(java.lang.String)[pri:0, instance:paypal.PostProductCreation@4493d195]" name="CreateMultipleProducts" duration-ms="9818" started-at="2020-06-05T18:56:32 IST" data-provider="DP" finished-at="2020-06-05T18:56:42 IST">
          <params>
            <param index="0">
              <value>
                <![CDATA[./data3.json]]>
              </value>
            </param>
          </params>
          <reporter-output>
          </reporter-output>
        </test-method> <!-- CreateMultipleProducts -->
      </class> <!-- paypal.PostProductCreation -->
    </test> <!-- Default test -->
  </suite> <!-- Default suite -->
</testng-results>
